<?xml version="1.0" encoding="UTF-8"?>
<!-- Generated by org.testng.reporters.JUnitReportReporter -->
<testsuite name="com.org.charter.rough.LaunchBrowser" tests="1" time="28.991" ignored="0" failures="0" timestamp="24 May 2017 16:22:31 GMT" skipped="0" hostname="DESKTOP-M50UBI2" errors="0">
  <testcase name="doTest" time="28.991" classname="com.org.charter.rough.LaunchBrowser"/>
</testsuite> <!-- com.org.charter.rough.LaunchBrowser -->
